<?xml version="1.0" encoding="UTF-8"?>
<testsuite xmlns:xsi="http://www.w3.org/2001/XMLSchema-instance" xsi:noNamespaceSchemaLocation="https://maven.apache.org/surefire/maven-surefire-plugin/xsd/surefire-test-report-3.0.xsd" version="3.0" name="FizzBuzzTest" time="0.147" tests="7" errors="0" skipped="0" failures="0">
  <properties>
[...]
</properties>
  <testcase name="testMultiplo5Grande" classname="FizzBuzzTest" time="0.067"/>
  <testcase name="testFizzBuzzReturnsNumber" classname="FizzBuzzTest" time="0.002"/>
  <testcase name="testOtroNumero" classname="FizzBuzzTest" time="0.003"/>
  <testcase name="testMultiplo3Grande" classname="FizzBuzzTest" time="0.003"/>
  <testcase name="testFizzBuzzMultiplo3" classname="FizzBuzzTest" time="0.002"/>
  <testcase name="testFizzBuzzMultiplo5" classname="FizzBuzzTest" time="0.002"/>
  <testcase name="testFizzBuzzMultiplo3y5" classname="FizzBuzzTest" time="0.005"/>
</testsuite>